<?xml version="1.0" encoding="utf-8" standalone="no"?>
<!--This file represents the results of running a test suite-->
<test-results name="C:\Documents and Settings\nahuel.muruga\My Documents\Visual Studio 2010\Projects\Moravia\Moravia\bin\Debug\Moravia.exe" total="2" errors="0" failures="0" not-run="0" inconclusive="0" ignored="0" skipped="0" invalid="0" date="2014-01-24" time="18:47:49">
  <environment nunit-version="2.5.10.11092" clr-version="4.0.30319.1008" os-version="Microsoft Windows NT 5.1.2600 Service Pack 3" platform="Win32NT" cwd="C:\Documents and Settings\nahuel.muruga\My Documents\Visual Studio 2010\Projects\Moravia\Moravia\bin\Debug" machine-name="ARROSNBK198" user="nahuel.muruga" user-domain="NEORIS" />
  <culture-info current-culture="es-AR" current-uiculture="en-US" />
  <test-suite type="Assembly" name="C:\Documents and Settings\nahuel.muruga\My Documents\Visual Studio 2010\Projects\Moravia\Moravia\bin\Debug\Moravia.exe" executed="True" result="Success" success="True" time="165.125" asserts="0">
    <results>
      <test-suite type="Namespace" name="SeleniumTests" executed="True" result="Success" success="True" time="165.125" asserts="0">
        <results>
          <test-suite type="TestFixture" name="AccountaSe" executed="True" result="Success" success="True" time="104.047" asserts="0">
            <results>
              <test-case name="SeleniumTests.AccountaSe.TheAccountaSeTest" executed="True" result="Success" success="True" time="104.031" asserts="1" />
            </results>
          </test-suite>
          <test-suite type="TestFixture" name="Login" executed="True" result="Success" success="True" time="61.063" asserts="0">
            <results>
              <test-case name="SeleniumTests.Login.TheLoginTest" executed="True" result="Success" success="True" time="61.063" asserts="1" />
            </results>
          </test-suite>
        </results>
      </test-suite>
    </results>
  </test-suite>
</test-results>